[    5597ms] [ERROR] Failed to load resource: net::ERR_FAILED @ chrome-extension://invalid/:0
[    5597ms] [ERROR] Failed to load resource: net::ERR_CONNECTION_REFUSED @ http://127.0.0.1:9222/json/version:0
[    5597ms] [ERROR] Failed to load resource: net::ERR_CONNECTION_REFUSED @ http://127.0.0.1:54345/:0
[    5597ms] [ERROR] Failed to load resource: net::ERR_FAILED @ chrome-extension://invalid/:0
[    5597ms] [ERROR] Failed to load resource: net::ERR_FAILED @ chrome-extension://invalid/:0
[    5597ms] [ERROR] Failed to load resource: net::ERR_FAILED @ chrome-extension://invalid/:0
[    5597ms] [ERROR] Failed to load resource: net::ERR_FAILED @ chrome-extension://invalid/:0
[    5597ms] [ERROR] Failed to load resource: net::ERR_FAILED @ chrome-extension://invalid/:0
[    5597ms] [ERROR] Failed to load resource: net::ERR_FAILED @ chrome-extension://invalid/:0
[    5597ms] [ERROR] Failed to load resource: net::ERR_FAILED @ chrome-extension://invalid/:0
[  414435ms] Error: [Eaglet Exception] no match enum `1` in `NoteEditSource` field
    at o (https://fe-static.xhscdn.com/formula-static/ugc/public/resource/js/4812.54d7fd52.js:119:335227)
    at https://fe-static.xhscdn.com/formula-static/ugc/public/resource/js/4812.54d7fd52.js:119:336373
    at Array.forEach (<anonymous>)
    at e.value (https://fe-static.xhscdn.com/formula-static/ugc/public/resource/js/4812.54d7fd52.js:119:336102)
    at https://fe-static.xhscdn.com/formula-static/ugc/public/resource/js/4812.54d7fd52.js:119:336842
    at Array.forEach (<anonymous>)
    at e.value (https://fe-static.xhscdn.com/formula-static/ugc/public/resource/js/4812.54d7fd52.js:119:336715)
    at e.value (https://fe-static.xhscdn.com/formula-static/ugc/public/resource/js/4812.54d7fd52.js:119:337216)
    at Object.push (https://fe-static.xhscdn.com/formula-static/ugc/public/resource/js/library-launcher.9cf106f6.js:1:722868)
    at Object.<anonymous> (https://fe-static.xhscdn.com/formula-static/ugc/public/resource/js/library-launcher.9cf106f6.js:1:743478)
    at Object.next (https://fe-static.xhscdn.com/formula-static/ugc/public/resource/js/library-polyfill.61876c47.js:1:364016)
    at n (https://fe-static.xhscdn.com/formula-static/ugc/public/resource/js/library-polyfill.61876c47.js:1:354318)
    at s (https://fe-static.xhscdn.com/formula-static/ugc/public/resource/js/library-polyfill.61876c47.js:1:354515)
    at https://fe-static.xhscdn.com/formula-static/ugc/public/resource/js/library-polyfill.61876c47.js:1:354574
    at new Promise (<anonymous>)
    at Object.<anonymous> (https://fe-static.xhscdn.com/formula-static/ugc/public/resource/js/library-polyfill.61876c47.js:1:354456)
[  425118ms] [WARNING] Mixed Content: The page at 'https://creator.xiaohongshu.com/new/note-manager' was loaded over HTTPS, but requested an insecure element 'http://sns-na-i11.xhscdn.com/spectrum/1040g0k031tpcpgk1mq105q35mhj7algh034v6dg?imageView2/2/w/1080/format/jpg'. This request was automatically upgraded to HTTPS, For more information see https://blog.chromium.org/2019/10/no-more-mixed-messages-about-https.html @ https://fe-static.xhscdn.com/formula-static/ugc/public/resource/js/library-delight.d92ec8b2.js:0
[  425118ms] [WARNING] Mixed Content: The page at 'https://creator.xiaohongshu.com/new/note-manager' was loaded over HTTPS, but requested an insecure element 'http://sns-na-i11.xhscdn.com/spectrum/1040g34o31tp4uph7g8405q35mhj7alghtv6bdlg?imageView2/2/w/1080/format/jpg'. This request was automatically upgraded to HTTPS, For more information see https://blog.chromium.org/2019/10/no-more-mixed-messages-about-https.html @ https://fe-static.xhscdn.com/formula-static/ugc/public/resource/js/library-delight.d92ec8b2.js:0
[  425120ms] [WARNING] Mixed Content: The page at 'https://creator.xiaohongshu.com/new/note-manager' was loaded over HTTPS, but requested an insecure element 'http://sns-na-i11.xhscdn.com/spectrum/1040g0k031tpcpgk1mq105q35mhj7algh034v6dg?imageView2/2/w/1080/format/jpg'. This request was automatically upgraded to HTTPS, For more information see https://blog.chromium.org/2019/10/no-more-mixed-messages-about-https.html @ https://creator.xiaohongshu.com/new/note-manager:0
[  425121ms] [WARNING] Mixed Content: The page at 'https://creator.xiaohongshu.com/new/note-manager' was loaded over HTTPS, but requested an insecure element 'http://sns-na-i11.xhscdn.com/spectrum/1040g34o31tp4uph7g8405q35mhj7alghtv6bdlg?imageView2/2/w/1080/format/jpg'. This request was automatically upgraded to HTTPS, For more information see https://blog.chromium.org/2019/10/no-more-mixed-messages-about-https.html @ https://creator.xiaohongshu.com/new/note-manager:0
[  531223ms] [WARNING] Mixed Content: The page at 'https://creator.xiaohongshu.com/new/note-manager' was loaded over HTTPS, but requested an insecure element 'http://sns-na-i11.xhscdn.com/spectrum/1040g0k031tpcpgk1mq105q35mhj7algh034v6dg?imageView2/2/w/1080/format/jpg'. This request was automatically upgraded to HTTPS, For more information see https://blog.chromium.org/2019/10/no-more-mixed-messages-about-https.html @ https://creator.xiaohongshu.com/new/note-manager:0
[  531224ms] [WARNING] Mixed Content: The page at 'https://creator.xiaohongshu.com/new/note-manager' was loaded over HTTPS, but requested an insecure element 'http://sns-na-i11.xhscdn.com/spectrum/1040g34o31tp4uph7g8405q35mhj7alghtv6bdlg?imageView2/2/w/1080/format/jpg'. This request was automatically upgraded to HTTPS, For more information see https://blog.chromium.org/2019/10/no-more-mixed-messages-about-https.html @ https://creator.xiaohongshu.com/new/note-manager:0
[  708000ms] [WARNING] Mixed Content: The page at 'https://creator.xiaohongshu.com/new/note-manager' was loaded over HTTPS, but requested an insecure element 'http://sns-na-i11.xhscdn.com/spectrum/1040g0k031tpcpgk1mq105q35mhj7algh034v6dg?imageView2/2/w/1080/format/jpg'. This request was automatically upgraded to HTTPS, For more information see https://blog.chromium.org/2019/10/no-more-mixed-messages-about-https.html @ https://fe-static.xhscdn.com/formula-static/ugc/public/resource/js/library-delight.d92ec8b2.js:0
[  708001ms] [WARNING] Mixed Content: The page at 'https://creator.xiaohongshu.com/new/note-manager' was loaded over HTTPS, but requested an insecure element 'http://sns-na-i11.xhscdn.com/spectrum/1040g34o31tp4uph7g8405q35mhj7alghtv6bdlg?imageView2/2/w/1080/format/jpg'. This request was automatically upgraded to HTTPS, For more information see https://blog.chromium.org/2019/10/no-more-mixed-messages-about-https.html @ https://fe-static.xhscdn.com/formula-static/ugc/public/resource/js/library-delight.d92ec8b2.js:0
[  708002ms] [WARNING] Mixed Content: The page at 'https://creator.xiaohongshu.com/new/note-manager' was loaded over HTTPS, but requested an insecure element 'http://sns-na-i11.xhscdn.com/spectrum/1040g0k031tpcpgk1mq105q35mhj7algh034v6dg?imageView2/2/w/1080/format/jpg'. This request was automatically upgraded to HTTPS, For more information see https://blog.chromium.org/2019/10/no-more-mixed-messages-about-https.html @ https://creator.xiaohongshu.com/new/note-manager:0
[  708002ms] [WARNING] Mixed Content: The page at 'https://creator.xiaohongshu.com/new/note-manager' was loaded over HTTPS, but requested an insecure element 'http://sns-na-i11.xhscdn.com/spectrum/1040g34o31tp4uph7g8405q35mhj7alghtv6bdlg?imageView2/2/w/1080/format/jpg'. This request was automatically upgraded to HTTPS, For more information see https://blog.chromium.org/2019/10/no-more-mixed-messages-about-https.html @ https://creator.xiaohongshu.com/new/note-manager:0
